<?xml version="1.0" encoding="UTF-8"?>
<!-- Generated by org.testng.reporters.JUnitReportReporter -->
<testsuite hostname="localhost" name="me.chanjar.weixin.common.bean.WxMenuTest" tests="2" failures="0" timestamp="22 Oct 2019 03:21:47 GMT" time="0.000" errors="0">
  <testcase name="testToJson" time="0.000" classname="me.chanjar.weixin.common.bean.WxMenuTest"/>
  <testcase name="testFromJson" time="0.000" classname="me.chanjar.weixin.common.bean.WxMenuTest"/>
</testsuite> <!-- me.chanjar.weixin.common.bean.WxMenuTest -->
