<?xml version="1.0" encoding="UTF-8"?>
<!-- Generated by org.testng.reporters.JUnitReportReporter -->
<testsuite hostname="localhost" name="me.chanjar.weixin.common.bean.WxErrorTest" tests="3" failures="0" timestamp="22 Oct 2019 03:21:47 GMT" time="0.012" errors="0">
  <testcase name="testFromBadJson2" time="0.000" classname="me.chanjar.weixin.common.bean.WxErrorTest"/>
  <testcase name="testFromJson" time="0.001" classname="me.chanjar.weixin.common.bean.WxErrorTest"/>
  <testcase name="testFromBadJson1" time="0.011" classname="me.chanjar.weixin.common.bean.WxErrorTest"/>
</testsuite> <!-- me.chanjar.weixin.common.bean.WxErrorTest -->
