<?xml version="1.0" encoding="UTF-8"?>
<!-- Generated by org.testng.reporters.JUnitReportReporter -->
<testsuite hostname="localhost" name="me.chanjar.weixin.common.util.WxMessageInMemoryDuplicateCheckerTest" tests="1" failures="0" timestamp="22 Oct 2019 03:21:47 GMT" time="2.507" errors="0">
  <testcase name="test" time="2.507" classname="me.chanjar.weixin.common.util.WxMessageInMemoryDuplicateCheckerTest"/>
</testsuite> <!-- me.chanjar.weixin.common.util.WxMessageInMemoryDuplicateCheckerTest -->
