<?xml version="1.0" encoding="UTF-8"?>
<!-- Generated by org.testng.reporters.JUnitReportReporter -->
<testsuite hostname="localhost" name="me.chanjar.weixin.common.util.crypto.WxCryptUtilTest" tests="4" failures="0" timestamp="22 Oct 2019 03:21:47 GMT" time="0.177" errors="0">
  <testcase name="testAesEncrypt2" time="0.000" classname="me.chanjar.weixin.common.util.crypto.WxCryptUtilTest"/>
  <testcase name="testAesEncrypt" time="0.168" classname="me.chanjar.weixin.common.util.crypto.WxCryptUtilTest"/>
  <testcase name="testNormal" time="0.007" classname="me.chanjar.weixin.common.util.crypto.WxCryptUtilTest"/>
  <testcase name="testValidateSignatureError" time="0.002" classname="me.chanjar.weixin.common.util.crypto.WxCryptUtilTest"/>
</testsuite> <!-- me.chanjar.weixin.common.util.crypto.WxCryptUtilTest -->
