<xml>
    <appId>公众号appID</appId>
    <secret>公众号appsecret</secret>
    <token>公众号Token</token>
    <aesKey>公众号EncodingAESKey</aesKey>
    <accessToken>可以不填写</accessToken>
    <expiresTime>可以不填写</expiresTime>
    <openId>某个加你公众号的用户的openId</openId>
    <oauth2redirectUri>网页授权获取用户信息回调地址</oauth2redirectUri>
</xml>
