<?xml version="1.0" encoding="UTF-8"?>
<testsuite name="TestSuite" time="6.748" tests="19" errors="0" skipped="0" failures="0">
  <properties>
    <property name="java.runtime.name" value="Java(TM) SE Runtime Environment"/>
    <property name="sun.boot.library.path" value="/Library/Java/JavaVirtualMachines/jdk1.8.0_211.jdk/Contents/Home/jre/lib"/>
    <property name="java.vm.version" value="25.211-b12"/>
    <property name="gopherProxySet" value="false"/>
    <property name="java.vm.vendor" value="Oracle Corporation"/>
    <property name="maven.multiModuleProjectDirectory" value="/Users/xuanzequan/Desktop/github/WeChat-Development-Kit"/>
    <property name="java.vendor.url" value="http://java.oracle.com/"/>
    <property name="path.separator" value=":"/>
    <property name="guice.disable.misplaced.annotation.check" value="true"/>
    <property name="java.vm.name" value="Java HotSpot(TM) 64-Bit Server VM"/>
    <property name="file.encoding.pkg" value="sun.io"/>
    <property name="user.country" value="CN"/>
    <property name="sun.java.launcher" value="SUN_STANDARD"/>
    <property name="sun.os.patch.level" value="unknown"/>
    <property name="java.vm.specification.name" value="Java Virtual Machine Specification"/>
    <property name="user.dir" value="/Users/xuanzequan/Desktop/github/WeChat-Development-Kit"/>
    <property name="java.runtime.version" value="1.8.0_211-b12"/>
    <property name="java.awt.graphicsenv" value="sun.awt.CGraphicsEnvironment"/>
    <property name="java.endorsed.dirs" value="/Library/Java/JavaVirtualMachines/jdk1.8.0_211.jdk/Contents/Home/jre/lib/endorsed"/>
    <property name="os.arch" value="x86_64"/>
    <property name="java.io.tmpdir" value="/var/folders/jc/mg88gl4j365clp5gt_wmgzn40000gn/T/"/>
    <property name="line.separator" value="&#10;"/>
    <property name="java.vm.specification.vendor" value="Oracle Corporation"/>
    <property name="os.name" value="Mac OS X"/>
    <property name="classworlds.conf" value="/Users/xuanzequan/maven/apache-maven-3.6.1/bin/m2.conf"/>
    <property name="sun.jnu.encoding" value="UTF-8"/>
    <property name="java.library.path" value="/Users/xuanzequan/Library/Java/Extensions:/Library/Java/Extensions:/Network/Library/Java/Extensions:/System/Library/Java/Extensions:/usr/lib/java:."/>
    <property name="maven.conf" value="/Users/xuanzequan/maven/apache-maven-3.6.1/conf"/>
    <property name="java.specification.name" value="Java Platform API Specification"/>
    <property name="java.class.version" value="52.0"/>
    <property name="sun.management.compiler" value="HotSpot 64-Bit Tiered Compilers"/>
    <property name="os.version" value="10.14.5"/>
    <property name="http.nonProxyHosts" value="local|*.local|169.254/16|*.169.254/16"/>
    <property name="user.home" value="/Users/xuanzequan"/>
    <property name="user.timezone" value="Asia/Shanghai"/>
    <property name="java.awt.printerjob" value="sun.lwawt.macosx.CPrinterJob"/>
    <property name="java.specification.version" value="1.8"/>
    <property name="file.encoding" value="UTF-8"/>
    <property name="user.name" value="xuanzequan"/>
    <property name="java.class.path" value="/Users/xuanzequan/maven/apache-maven-3.6.1/boot/plexus-classworlds-2.6.0.jar:/Applications/IntelliJ IDEA.app/Contents/lib/idea_rt.jar"/>
    <property name="java.vm.specification.version" value="1.8"/>
    <property name="sun.arch.data.model" value="64"/>
    <property name="java.home" value="/Library/Java/JavaVirtualMachines/jdk1.8.0_211.jdk/Contents/Home/jre"/>
    <property name="sun.java.command" value="org.codehaus.classworlds.Launcher -Didea.version2019.1.3 install"/>
    <property name="java.specification.vendor" value="Oracle Corporation"/>
    <property name="user.language" value="zh"/>
    <property name="awt.toolkit" value="sun.lwawt.macosx.LWCToolkit"/>
    <property name="idea.version2019.1.3" value="true"/>
    <property name="java.vm.info" value="mixed mode"/>
    <property name="java.version" value="1.8.0_211"/>
    <property name="java.ext.dirs" value="/Users/xuanzequan/Library/Java/Extensions:/Library/Java/JavaVirtualMachines/jdk1.8.0_211.jdk/Contents/Home/jre/lib/ext:/Library/Java/Extensions:/Network/Library/Java/Extensions:/System/Library/Java/Extensions:/usr/lib/java"/>
    <property name="sun.boot.class.path" value="/Library/Java/JavaVirtualMachines/jdk1.8.0_211.jdk/Contents/Home/jre/lib/resources.jar:/Library/Java/JavaVirtualMachines/jdk1.8.0_211.jdk/Contents/Home/jre/lib/rt.jar:/Library/Java/JavaVirtualMachines/jdk1.8.0_211.jdk/Contents/Home/jre/lib/sunrsasign.jar:/Library/Java/JavaVirtualMachines/jdk1.8.0_211.jdk/Contents/Home/jre/lib/jsse.jar:/Library/Java/JavaVirtualMachines/jdk1.8.0_211.jdk/Contents/Home/jre/lib/jce.jar:/Library/Java/JavaVirtualMachines/jdk1.8.0_211.jdk/Contents/Home/jre/lib/charsets.jar:/Library/Java/JavaVirtualMachines/jdk1.8.0_211.jdk/Contents/Home/jre/lib/jfr.jar:/Library/Java/JavaVirtualMachines/jdk1.8.0_211.jdk/Contents/Home/jre/classes"/>
    <property name="java.vendor" value="Oracle Corporation"/>
    <property name="maven.home" value="/Users/xuanzequan/maven/apache-maven-3.6.1"/>
    <property name="file.separator" value="/"/>
    <property name="java.vendor.url.bug" value="http://bugreport.sun.com/bugreport/"/>
    <property name="sun.cpu.endian" value="little"/>
    <property name="sun.io.unicode.encoding" value="UnicodeBig"/>
    <property name="socksNonProxyHosts" value="local|*.local|169.254/16|*.169.254/16"/>
    <property name="ftp.nonProxyHosts" value="local|*.local|169.254/16|*.169.254/16"/>
    <property name="sun.cpu.isalist" value=""/>
  </properties>
  <testcase name="testFromJson" classname="me.chanjar.weixin.common.bean.WxAccessTokenTest" time="0.039"/>
  <testcase name="testFromBadJson1" classname="me.chanjar.weixin.common.bean.WxErrorTest" time="0.01"/>
  <testcase name="testFromBadJson2" classname="me.chanjar.weixin.common.bean.WxErrorTest" time="0"/>
  <testcase name="testFromJson" classname="me.chanjar.weixin.common.bean.WxErrorTest" time="0"/>
  <testcase name="testFromJson" classname="me.chanjar.weixin.common.bean.WxMenuTest" time="0"/>
  <testcase name="testToJson" classname="me.chanjar.weixin.common.bean.WxMenuTest" time="0"/>
  <testcase name="testAesEncrypt" classname="me.chanjar.weixin.common.util.crypto.WxCryptUtilTest" time="0.168"/>
  <testcase name="testAesEncrypt2" classname="me.chanjar.weixin.common.util.crypto.WxCryptUtilTest" time="0"/>
  <testcase name="testNormal" classname="me.chanjar.weixin.common.util.crypto.WxCryptUtilTest" time="0.007"/>
  <testcase name="testValidateSignatureError" classname="me.chanjar.weixin.common.util.crypto.WxCryptUtilTest" time="0.002"/>
  <testcase name="test" classname="me.chanjar.weixin.common.util.WxMessageInMemoryDuplicateCheckerTest" time="2.508"/>
  <testcase name="testBackgroundProcess" classname="me.chanjar.weixin.common.session.SessionTest" time="2.004"/>
  <testcase name="testBackgroundProcess2" classname="me.chanjar.weixin.common.session.SessionTest" time="2.003"/>
  <testcase name="testGetSession" classname="me.chanjar.weixin.common.session.SessionTest" time="0.002"/>
  <testcase name="testInvalidate" classname="me.chanjar.weixin.common.session.SessionTest" time="0.001"/>
  <testcase name="testInvalidate2" classname="me.chanjar.weixin.common.session.SessionTest" time="0"/>
  <testcase name="testInvalidateAngGet" classname="me.chanjar.weixin.common.session.SessionTest" time="0.003"/>
  <testcase name="testMaxActive" classname="me.chanjar.weixin.common.session.SessionTest" time="0"/>
  <testcase name="testMaxActive2" classname="me.chanjar.weixin.common.session.SessionTest" time="0.001"/>
</testsuite>